

/Library/Java/JavaVirtualMachines/jdk1.8.0_151.jdk/Contents/Home/bin/java -XX:TieredStopAtLevel=1 -noverify -Dspring.output.ansi.enabled=always -Dcom.sun.management.jmxremote -Dspring.jmx.enabled=true -Dspring.liveBeansView.mbeanDomain -Dspring.application.admin.enabled=true com.example.restservice.RestServiceApplication

  .   ____          _            __ _ _
 /\\ / ___'_ __ _ _(_)_ __  __ _ \ \ \ \
( ( )\___ | '_ | '_| | '_ \/ _` | \ \ \ \
 \\/  ___)| |_)| | | | | || (_| |  ) ) ) )
  '  |____| .__|_| |_|_| |_\__, | / / / /
 =========|_|==============|___/=/_/_/_/
 :: Spring Boot ::                (v2.5.2)

2022-02-03 00:25:48.219  INFO 87191 --- [           main] c.e.restservice.RestServiceApplication   : Starting RestServiceApplication using Java 1.8.0_151 on guangyi.local with PID 87191 (/Users/guangyi/Documents/workspace/GitHub/spring-boot-guides/getting-started-guides/gs-rest-service/target/classes started by guangyi in /Users/guangyi/Documents/workspace/GitHub/spring-boot-guides)
2022-02-03 00:25:48.222  INFO 87191 --- [           main] c.e.restservice.RestServiceApplication   : No active profile set, falling back to default profiles: default
2022-02-03 00:25:48.936  INFO 87191 --- [           main] o.s.b.w.embedded.tomcat.TomcatWebServer  : Tomcat initialized with port(s): 8080 (http)
2022-02-03 00:25:48.941  INFO 87191 --- [           main] o.apache.catalina.core.StandardService   : Starting service [Tomcat]
2022-02-03 00:25:48.941  INFO 87191 --- [           main] org.apache.catalina.core.StandardEngine  : Starting Servlet engine: [Apache Tomcat/9.0.48]
2022-02-03 00:25:48.990  INFO 87191 --- [           main] o.a.c.c.C.[Tomcat].[localhost].[/]       : Initializing Spring embedded WebApplicationContext
2022-02-03 00:25:48.990  INFO 87191 --- [           main] w.s.c.ServletWebServerApplicationContext : Root WebApplicationContext: initialization completed in 725 ms
2022-02-03 00:25:49.220  INFO 87191 --- [           main] o.s.b.w.embedded.tomcat.TomcatWebServer  : Tomcat started on port(s): 8080 (http) with context path ''
2022-02-03 00:25:49.227  INFO 87191 --- [           main] c.e.restservice.RestServiceApplication   : Started RestServiceApplication in 1.387 seconds (JVM running for 1.946)

2022-02-03 00:26:00.125  INFO 87191 --- [nio-8080-exec-1] o.a.c.c.C.[Tomcat].[localhost].[/]       : Initializing Spring DispatcherServlet 'dispatcherServlet'
2022-02-03 00:26:00.125  INFO 87191 --- [nio-8080-exec-1] o.s.web.servlet.DispatcherServlet        : Initializing Servlet 'dispatcherServlet'
2022-02-03 00:26:00.126  INFO 87191 --- [nio-8080-exec-1] o.s.web.servlet.DispatcherServlet        : Completed initialization in 1 ms

