

/Library/Java/JavaVirtualMachines/jdk1.8.0_151.jdk/Contents/Home/bin/java -XX:TieredStopAtLevel=1 -noverify -Dspring.output.ansi.enabled=always -Dcom.sun.management.jmxremote -Dspring.jmx.enabled=true -Dspring.liveBeansView.mbeanDomain -Dspring.application.admin.enabled=true com.example.actuatorservice.ActuatorApplication

  .   ____          _            __ _ _
 /\\ / ___'_ __ _ _(_)_ __  __ _ \ \ \ \
( ( )\___ | '_ | '_| | '_ \/ _` | \ \ \ \
 \\/  ___)| |_)| | | | | || (_| |  ) ) ) )
  '  |____| .__|_| |_|_| |_\__, | / / / /
 =========|_|==============|___/=/_/_/_/
 :: Spring Boot ::                (v2.6.3)

2022-02-04 00:03:49.807  INFO 3199 --- [           main] c.e.actuatorservice.ActuatorApplication  : Starting ActuatorApplication using Java 1.8.0_151 on guangyi.local with PID 3199 (/Users/guangyi/Documents/workspace/GitHub/spring-boot-guides/getting-started-guides/gs-actuator-service/target/classes started by guangyi in /Users/guangyi/Documents/workspace/GitHub/spring-boot-guides)
2022-02-04 00:03:49.810  INFO 3199 --- [           main] c.e.actuatorservice.ActuatorApplication  : No active profile set, falling back to default profiles: default
// 基于tomcat的web服务器，8080端口
2022-02-04 00:03:50.850  INFO 3199 --- [           main] o.s.b.w.embedded.tomcat.TomcatWebServer  : Tomcat initialized with port(s): 8080 (http)
2022-02-04 00:03:50.860  INFO 3199 --- [           main] o.apache.catalina.core.StandardService   : Starting service [Tomcat]
2022-02-04 00:03:50.860  INFO 3199 --- [           main] org.apache.catalina.core.StandardEngine  : Starting Servlet engine: [Apache Tomcat/9.0.56]
2022-02-04 00:03:50.913  INFO 3199 --- [           main] o.a.c.c.C.[Tomcat].[localhost].[/]       : Initializing Spring embedded WebApplicationContext
2022-02-04 00:03:50.913  INFO 3199 --- [           main] w.s.c.ServletWebServerApplicationContext : Root WebApplicationContext: initialization completed in 1049 ms
2022-02-04 00:03:51.365  INFO 3199 --- [           main] o.s.b.w.embedded.tomcat.TomcatWebServer  : Tomcat started on port(s): 8080 (http) with context path ''
// 基于tomcat的web服务器，9001端口
2022-02-04 00:03:51.412  INFO 3199 --- [           main] o.s.b.w.embedded.tomcat.TomcatWebServer  : Tomcat initialized with port(s): 9001 (http)
2022-02-04 00:03:51.412  INFO 3199 --- [           main] o.apache.catalina.core.StandardService   : Starting service [Tomcat]
2022-02-04 00:03:51.413  INFO 3199 --- [           main] org.apache.catalina.core.StandardEngine  : Starting Servlet engine: [Apache Tomcat/9.0.56]
2022-02-04 00:03:51.420  INFO 3199 --- [           main] o.a.c.c.C.[Tomcat-1].[localhost].[/]     : Initializing Spring embedded WebApplicationContext
2022-02-04 00:03:51.420  INFO 3199 --- [           main] w.s.c.ServletWebServerApplicationContext : Root WebApplicationContext: initialization completed in 52 ms
2022-02-04 00:03:51.429  INFO 3199 --- [           main] o.s.b.a.e.web.EndpointLinksResolver      : Exposing 1 endpoint(s) beneath base path '/actuator'
2022-02-04 00:03:51.458  INFO 3199 --- [           main] o.s.b.w.embedded.tomcat.TomcatWebServer  : Tomcat started on port(s): 9001 (http) with context path ''
2022-02-04 00:03:51.472  INFO 3199 --- [           main] c.e.actuatorservice.ActuatorApplication  : Started ActuatorApplication in 2.057 seconds (JVM running for 2.776)

2022-02-04 00:05:04.953  INFO 3199 --- [nio-8080-exec-1] o.a.c.c.C.[Tomcat].[localhost].[/]       : Initializing Spring DispatcherServlet 'dispatcherServlet'
2022-02-04 00:05:04.953  INFO 3199 --- [nio-8080-exec-1] o.s.web.servlet.DispatcherServlet        : Initializing Servlet 'dispatcherServlet'
2022-02-04 00:05:04.954  INFO 3199 --- [nio-8080-exec-1] o.s.web.servlet.DispatcherServlet        : Completed initialization in 1 ms

2022-02-04 00:06:02.320  INFO 3199 --- [0.1-9001-exec-1] o.a.c.c.C.[Tomcat-1].[localhost].[/]     : Initializing Spring DispatcherServlet 'dispatcherServlet'
2022-02-04 00:06:02.320  INFO 3199 --- [0.1-9001-exec-1] o.s.web.servlet.DispatcherServlet        : Initializing Servlet 'dispatcherServlet'
2022-02-04 00:06:02.320  INFO 3199 --- [0.1-9001-exec-1] o.s.web.servlet.DispatcherServlet        : Completed initialization in 0 ms

